2024-04-26T12:20:28.721Z [ERROR]: test
2024-04-29 16:37:21 [ERROR]: An error occurred while processing the request:  Cannot read properties of undefined (reading 'token')
2024-04-29 16:37:21 [ERROR]: An error occurred while processing the request:  Cannot read properties of undefined (reading 'token')
2024-04-29 16:37:28 [ERROR]: An error occurred while processing the request:  Cannot read properties of undefined (reading 'token')
2024-04-29 16:37:28 [ERROR]: An error occurred while processing the request:  Cannot read properties of undefined (reading 'token')
2024-04-29 16:40:27 [ERROR]: An error occurred while processing the request:  Cannot read properties of undefined (reading 'token')
2024-04-29 16:40:27 [ERROR]: An error occurred while processing the request:  Cannot read properties of undefined (reading 'token')
2024-04-29 16:49:15 [ERROR]: An error occurred while processing the request:  Cannot read properties of undefined (reading 'token')
2024-04-29 16:49:19 [ERROR]: An error occurred while processing the request:  Cannot read properties of undefined (reading 'token')
2024-04-29 16:49:19 [ERROR]: An error occurred while processing the request:  Cannot read properties of undefined (reading 'token')
2024-04-29 16:50:59 [ERROR]: An error occurred while processing the request:  Cannot read properties of undefined (reading 'token')
2024-04-29 16:50:59 [ERROR]: An error occurred while processing the request:  Cannot read properties of undefined (reading 'token')
2024-04-29 16:51:28 [ERROR]: An error occurred while processing the request:  Cannot read properties of undefined (reading 'token')
2024-04-29 16:51:28 [ERROR]: An error occurred while processing the request:  Cannot read properties of undefined (reading 'token')
2024-04-29 17:06:18 [ERROR]: An error occurred while processing the request:  Cannot read properties of undefined (reading 'token')
2024-04-29 17:06:18 [ERROR]: An error occurred while processing the request:  Cannot read properties of undefined (reading 'token')
2024-04-29 17:28:11 [ERROR]: An error occurred while processing the request:  Cannot set headers after they are sent to the client
2024-04-29 17:45:11 [ERROR]: An error occurred while processing the request:  Cannot set headers after they are sent to the client
2024-04-30 18:16:04 [ERROR]: An error occurred while processing the request:  invalid expiresIn option for string payload
2024-04-30 18:42:24 [ERROR]: An error occurred while processing the request:  invalid media type
2024-04-30 18:43:26 [ERROR]: An error occurred while processing the request:  invalid media type
2024-04-30 18:43:49 [ERROR]: An error occurred while processing the request:  invalid media type
2024-05-01 18:05:08 [ERROR]: An error occurred while processing the request:  Cannot set headers after they are sent to the client
